<?xml version="1.0" encoding="UTF-8"?>
<testng-results skipped="0" failed="0" total="2" passed="2">
  <reporter-output>
  </reporter-output>
  <suite name="Command line suite" duration-ms="16" started-at="2015-08-19T17:59:34Z" finished-at="2015-08-19T17:59:34Z">
    <groups>
    </groups>
    <test name="Command line test" duration-ms="16" started-at="2015-08-19T17:59:34Z" finished-at="2015-08-19T17:59:34Z">
      <class name="com.learntestng.SampleTest">
        <test-method status="PASS" signature="sampleTest()" name="sampleTest" duration-ms="0" started-at="2015-08-19T17:59:34Z" finished-at="2015-08-19T17:59:34Z">
        </test-method>
      </class>
      <class name="com.learntestng.AppTest">
        <test-method status="PASS" signature="sendMail()" name="sendMail" duration-ms="0" started-at="2015-08-19T17:59:34Z" finished-at="2015-08-19T17:59:34Z">
        </test-method>
      </class>
    </test>
  </suite>
</testng-results>
