<?xml version="1.0" encoding="UTF-8"?>
<testng-results skipped="0" failed="0" total="2" passed="2">
  <reporter-output>
  </reporter-output>
  <suite name="My Sample Suite" duration-ms="221" started-at="2015-08-19T16:55:14Z" finished-at="2015-08-19T16:55:14Z">
    <groups>
    </groups>
    <test name="App test" duration-ms="68" started-at="2015-08-19T16:55:14Z" finished-at="2015-08-19T16:55:14Z">
      <class name="com.learntestng.AppTest">
        <test-method status="PASS" signature="sendMail()" name="sendMail" duration-ms="55" started-at="2015-08-19T16:55:14Z" finished-at="2015-08-19T16:55:14Z">
        </test-method>
      </class>
    </test>
    <test name="Sample test" duration-ms="4" started-at="2015-08-19T16:55:14Z" finished-at="2015-08-19T16:55:14Z">
      <class name="com.learntestng.SampleTest">
        <test-method status="PASS" signature="sampleTest()" name="sampleTest" duration-ms="2" started-at="2015-08-19T16:55:14Z" finished-at="2015-08-19T16:55:14Z">
        </test-method>
      </class>
    </test>
  </suite>
</testng-results>
